# JRE version: OpenJDK Runtime Environment (21.0.2+13) (build 21.0.2+13-58)
# Java VM: OpenJDK 64-Bit Server VM (21.0.2+13-58, mixed mode, sharing, tiered, compressed oops, compressed class ptrs, g1 gc, windows-amd64)
GC Precious Log:
 CardTable entry size: 512
 Card Set container configuration: InlinePtr #cards 5 size 8 Array Of Cards #cards 12 size 40 Howl #buckets 4 coarsen threshold 1843 Howl Bitmap #cards 512 size 80 coarsen threshold 460 Card regions per heap region 1 cards per card region 2048
 CPUs: 12 total, 12 available
 Memory: 7549M
 Large Page Support: Disabled
 NUMA Support: Disabled
 Compressed Oops: Enabled (32-bit)
 Heap Region Size: 1M
 Heap Min Capacity: 256M
 Heap Initial Capacity: 256M
 Heap Max Capacity: 512M
 Pre-touch: Disabled
 Parallel Workers: 10
 Concurrent Workers: 3
 Concurrent Refinement Workers: 10
 Periodic GC: Disabled
Heap:
 garbage-first heap   total 262144K, used 160505K [0x00000000e0000000, 0x0000000100000000)
  region size 1024K, 73 young (74752K), 16 survivors (16384K)
 Metaspace       used 62687K, committed 64768K, reserved 393216K
  class space    used 9176K, committed 10176K, reserved 327680K
GC Heap History (20 events):
Event: 1.617 GC heap before
{Heap before GC invocations=0 (full 0):
 garbage-first heap   total 262144K, used 22528K [0x00000000e0000000, 0x0000000100000000)
  region size 1024K, 23 young (23552K), 0 survivors (0K)
 Metaspace       used 1092K, committed 1216K, reserved 393216K
  class space    used 77K, committed 128K, reserved 327680K
}
Event: 1.717 GC heap after
{Heap after GC invocations=1 (full 0):
 garbage-first heap   total 262144K, used 4629K [0x00000000e0000000, 0x0000000100000000)
  region size 1024K, 3 young (3072K), 3 survivors (3072K)
 Metaspace       used 1092K, committed 1216K, reserved 393216K
  class space    used 77K, committed 128K, reserved 327680K
}
Event: 3.992 GC heap before
{Heap before GC invocations=1 (full 0):
 garbage-first heap   total 262144K, used 40469K [0x00000000e0000000, 0x0000000100000000)
  region size 1024K, 35 young (35840K), 3 survivors (3072K)
 Metaspace       used 4366K, committed 4544K, reserved 393216K
  class space    used 541K, committed 640K, reserved 327680K
}
Event: 3.998 GC heap after
{Heap after GC invocations=2 (full 0):
 garbage-first heap   total 262144K, used 12432K [0x00000000e0000000, 0x0000000100000000)
  region size 1024K, 4 young (4096K), 4 survivors (4096K)
 Metaspace       used 4366K, committed 4544K, reserved 393216K
  class space    used 541K, committed 640K, reserved 327680K
}
Event: 7.569 GC heap before
{Heap before GC invocations=2 (full 0):
 garbage-first heap   total 262144K, used 60560K [0x00000000e0000000, 0x0000000100000000)
  region size 1024K, 49 young (50176K), 4 survivors (4096K)
 Metaspace       used 5929K, committed 6208K, reserved 393216K
  class space    used 766K, committed 896K, reserved 327680K
}
Event: 7.578 GC heap after
{Heap after GC invocations=3 (full 0):
 garbage-first heap   total 262144K, used 18749K [0x00000000e0000000, 0x0000000100000000)
  region size 1024K, 7 young (7168K), 7 survivors (7168K)
 Metaspace       used 5929K, committed 6208K, reserved 393216K
  class space    used 766K, committed 896K, reserved 327680K
}
Event: 21.428 GC heap before
{Heap before GC invocations=3 (full 0):
 garbage-first heap   total 262144K, used 101693K [0x00000000e0000000, 0x0000000100000000)
  region size 1024K, 89 young (91136K), 7 survivors (7168K)
 Metaspace       used 20937K, committed 21504K, reserved 393216K
  class space    used 2996K, committed 3264K, reserved 327680K
}
Event: 21.451 GC heap after
{Heap after GC invocations=4 (full 0):
 garbage-first heap   total 262144K, used 25654K [0x00000000e0000000, 0x0000000100000000)
  region size 1024K, 14 young (14336K), 14 survivors (14336K)
 Metaspace       used 20937K, committed 21504K, reserved 393216K
  class space    used 2996K, committed 3264K, reserved 327680K
}
Event: 36.574 GC heap before
{Heap before GC invocations=5 (full 0):
 garbage-first heap   total 262144K, used 151606K [0x00000000e0000000, 0x0000000100000000)
  region size 1024K, 126 young (129024K), 14 survivors (14336K)
 Metaspace       used 34757K, committed 36096K, reserved 393216K
  class space    used 5147K, committed 5824K, reserved 327680K
}
Event: 36.654 GC heap after
{Heap after GC invocations=6 (full 0):
 garbage-first heap   total 262144K, used 48347K [0x00000000e0000000, 0x0000000100000000)
  region size 1024K, 16 young (16384K), 16 survivors (16384K)
 Metaspace       used 34757K, committed 36096K, reserved 393216K
  class space    used 5147K, committed 5824K, reserved 327680K
}
Event: 36.772 GC heap before
{Heap before GC invocations=6 (full 0):
 garbage-first heap   total 262144K, used 48347K [0x00000000e0000000, 0x0000000100000000)
  region size 1024K, 17 young (17408K), 16 survivors (16384K)
 Metaspace       used 35069K, committed 36416K, reserved 393216K
  class space    used 5206K, committed 5888K, reserved 327680K
}
Event: 36.826 GC heap after
{Heap after GC invocations=7 (full 0):
 garbage-first heap   total 262144K, used 47976K [0x00000000e0000000, 0x0000000100000000)
  region size 1024K, 10 young (10240K), 10 survivors (10240K)
 Metaspace       used 35069K, committed 36416K, reserved 393216K
  class space    used 5206K, committed 5888K, reserved 327680K
}
Event: 37.228 GC heap before
{Heap before GC invocations=7 (full 0):
 garbage-first heap   total 262144K, used 47976K [0x00000000e0000000, 0x0000000100000000)
  region size 1024K, 11 young (11264K), 10 survivors (10240K)
 Metaspace       used 35463K, committed 36736K, reserved 393216K
  class space    used 5247K, committed 5888K, reserved 327680K
}
Event: 37.270 GC heap after
{Heap after GC invocations=8 (full 0):
 garbage-first heap   total 262144K, used 47935K [0x00000000e0000000, 0x0000000100000000)
  region size 1024K, 10 young (10240K), 10 survivors (10240K)
 Metaspace       used 35463K, committed 36736K, reserved 393216K
  class space    used 5247K, committed 5888K, reserved 327680K
}
Event: 68.638 GC heap before
{Heap before GC invocations=9 (full 0):
 garbage-first heap   total 262144K, used 213823K [0x00000000e0000000, 0x0000000100000000)
  region size 1024K, 153 young (156672K), 10 survivors (10240K)
 Metaspace       used 48607K, committed 50240K, reserved 393216K
  class space    used 6876K, committed 7680K, reserved 327680K
}
Event: 68.739 GC heap after
{Heap after GC invocations=10 (full 0):
 garbage-first heap   total 262144K, used 73608K [0x00000000e0000000, 0x0000000100000000)
  region size 1024K, 20 young (20480K), 20 survivors (20480K)
 Metaspace       used 48607K, committed 50240K, reserved 393216K
  class space    used 6876K, committed 7680K, reserved 327680K
}
Event: 96.436 GC heap before
{Heap before GC invocations=10 (full 0):
 garbage-first heap   total 262144K, used 209800K [0x00000000e0000000, 0x0000000100000000)
  region size 1024K, 153 young (156672K), 20 survivors (20480K)
 Metaspace       used 57417K, committed 59456K, reserved 393216K
  class space    used 8293K, committed 9280K, reserved 327680K
}
Event: 96.471 GC heap after
{Heap after GC invocations=11 (full 0):
 garbage-first heap   total 262144K, used 85054K [0x00000000e0000000, 0x0000000100000000)
  region size 1024K, 11 young (11264K), 11 survivors (11264K)
 Metaspace       used 57417K, committed 59456K, reserved 393216K
  class space    used 8293K, committed 9280K, reserved 327680K
}
Event: 99.913 GC heap before
{Heap before GC invocations=11 (full 0):
 garbage-first heap   total 262144K, used 115774K [0x00000000e0000000, 0x0000000100000000)
  region size 1024K, 30 young (30720K), 11 survivors (11264K)
 Metaspace       used 59351K, committed 61440K, reserved 393216K
  class space    used 8610K, committed 9600K, reserved 327680K
}
Event: 99.930 GC heap after
{Heap after GC invocations=12 (full 0):
 garbage-first heap   total 262144K, used 103161K [0x00000000e0000000, 0x0000000100000000)
  region size 1024K, 16 young (16384K), 16 survivors (16384K)
 Metaspace       used 59351K, committed 61440K, reserved 393216K
  class space    used 8610K, committed 9600K, reserved 327680K
}

