# JRE version: OpenJDK Runtime Environment (21.0.2+13) (build 21.0.2+13-58)
# Java VM: OpenJDK 64-Bit Server VM (21.0.2+13-58, mixed mode, sharing, tiered, compressed oops, compressed class ptrs, g1 gc, windows-amd64)
GC Precious Log:
 CardTable entry size: 512
 Card Set container configuration: InlinePtr #cards 5 size 8 Array Of Cards #cards 12 size 40 Howl #buckets 4 coarsen threshold 1843 Howl Bitmap #cards 512 size 80 coarsen threshold 460 Card regions per heap region 1 cards per card region 2048
 CPUs: 12 total, 12 available
 Memory: 7549M
 Large Page Support: Disabled
 NUMA Support: Disabled
 Compressed Oops: Enabled (32-bit)
 Heap Region Size: 1M
 Heap Min Capacity: 256M
 Heap Initial Capacity: 256M
 Heap Max Capacity: 512M
 Pre-touch: Disabled
 Parallel Workers: 10
 Concurrent Workers: 3
 Concurrent Refinement Workers: 10
 Periodic GC: Disabled
Heap:
 garbage-first heap   total 262144K, used 220004K [0x00000000e0000000, 0x0000000100000000)
  region size 1024K, 53 young (54272K), 3 survivors (3072K)
 Metaspace       used 83351K, committed 84864K, reserved 458752K
  class space    used 11263K, committed 11968K, reserved 327680K
GC Heap History (20 events):
Event: 13.889 GC heap before
{Heap before GC invocations=11 (full 0):
 garbage-first heap   total 262144K, used 200246K [0x00000000e0000000, 0x0000000100000000)
  region size 1024K, 153 young (156672K), 20 survivors (20480K)
 Metaspace       used 62627K, committed 64768K, reserved 393216K
  class space    used 8876K, committed 9920K, reserved 327680K
}
Event: 13.904 GC heap after
{Heap after GC invocations=12 (full 0):
 garbage-first heap   total 262144K, used 69542K [0x00000000e0000000, 0x0000000100000000)
  region size 1024K, 7 young (7168K), 7 survivors (7168K)
 Metaspace       used 62627K, committed 64768K, reserved 393216K
  class space    used 8876K, committed 9920K, reserved 327680K
}
Event: 14.672 GC heap before
{Heap before GC invocations=12 (full 0):
 garbage-first heap   total 262144K, used 218022K [0x00000000e0000000, 0x0000000100000000)
  region size 1024K, 153 young (156672K), 7 survivors (7168K)
 Metaspace       used 64751K, committed 66880K, reserved 393216K
  class space    used 9158K, committed 10176K, reserved 327680K
}
Event: 14.690 GC heap after
{Heap after GC invocations=13 (full 0):
 garbage-first heap   total 262144K, used 86657K [0x00000000e0000000, 0x0000000100000000)
  region size 1024K, 20 young (20480K), 20 survivors (20480K)
 Metaspace       used 64751K, committed 66880K, reserved 393216K
  class space    used 9158K, committed 10176K, reserved 327680K
}
Event: 116.563 GC heap before
{Heap before GC invocations=13 (full 0):
 garbage-first heap   total 262144K, used 221825K [0x00000000e0000000, 0x0000000100000000)
  region size 1024K, 153 young (156672K), 20 survivors (20480K)
 Metaspace       used 68134K, committed 70464K, reserved 393216K
  class space    used 9580K, committed 10752K, reserved 327680K
}
Event: 116.730 GC heap after
{Heap after GC invocations=14 (full 0):
 garbage-first heap   total 262144K, used 100135K [0x00000000e0000000, 0x0000000100000000)
  region size 1024K, 13 young (13312K), 13 survivors (13312K)
 Metaspace       used 68134K, committed 70464K, reserved 393216K
  class space    used 9580K, committed 10752K, reserved 327680K
}
Event: 128.263 GC heap before
{Heap before GC invocations=14 (full 0):
 garbage-first heap   total 262144K, used 226087K [0x00000000e0000000, 0x0000000100000000)
  region size 1024K, 137 young (140288K), 13 survivors (13312K)
 Metaspace       used 77416K, committed 79744K, reserved 458752K
  class space    used 10613K, committed 11776K, reserved 327680K
}
Event: 128.288 GC heap after
{Heap after GC invocations=15 (full 0):
 garbage-first heap   total 262144K, used 114688K [0x00000000e0000000, 0x0000000100000000)
  region size 1024K, 16 young (16384K), 16 survivors (16384K)
 Metaspace       used 77416K, committed 79744K, reserved 458752K
  class space    used 10613K, committed 11776K, reserved 327680K
}
Event: 130.930 GC heap before
{Heap before GC invocations=15 (full 0):
 garbage-first heap   total 262144K, used 228352K [0x00000000e0000000, 0x0000000100000000)
  region size 1024K, 127 young (130048K), 16 survivors (16384K)
 Metaspace       used 77867K, committed 80192K, reserved 458752K
  class space    used 10626K, committed 11776K, reserved 327680K
}
Event: 130.965 GC heap after
{Heap after GC invocations=16 (full 0):
 garbage-first heap   total 262144K, used 120832K [0x00000000e0000000, 0x0000000100000000)
  region size 1024K, 8 young (8192K), 8 survivors (8192K)
 Metaspace       used 77867K, committed 80192K, reserved 458752K
  class space    used 10626K, committed 11776K, reserved 327680K
}
Event: 135.298 GC heap before
{Heap before GC invocations=16 (full 0):
 garbage-first heap   total 262144K, used 230400K [0x00000000e0000000, 0x0000000100000000)
  region size 1024K, 116 young (118784K), 8 survivors (8192K)
 Metaspace       used 78036K, committed 80384K, reserved 458752K
  class space    used 10630K, committed 11776K, reserved 327680K
}
Event: 135.309 GC heap after
{Heap after GC invocations=17 (full 0):
 garbage-first heap   total 262144K, used 125580K [0x00000000e0000000, 0x0000000100000000)
  region size 1024K, 13 young (13312K), 13 survivors (13312K)
 Metaspace       used 78036K, committed 80384K, reserved 458752K
  class space    used 10630K, committed 11776K, reserved 327680K
}
Event: 404.274 GC heap before
{Heap before GC invocations=17 (full 0):
 garbage-first heap   total 262144K, used 204428K [0x00000000e0000000, 0x0000000100000000)
  region size 1024K, 86 young (88064K), 13 survivors (13312K)
 Metaspace       used 78383K, committed 80768K, reserved 458752K
  class space    used 10676K, committed 11840K, reserved 327680K
}
Event: 404.505 GC heap after
{Heap after GC invocations=18 (full 0):
 garbage-first heap   total 262144K, used 130242K [0x00000000e0000000, 0x0000000100000000)
  region size 1024K, 3 young (3072K), 3 survivors (3072K)
 Metaspace       used 78383K, committed 80768K, reserved 458752K
  class space    used 10676K, committed 11840K, reserved 327680K
}
Event: 425.060 GC heap before
{Heap before GC invocations=19 (full 0):
 garbage-first heap   total 262144K, used 234690K [0x00000000e0000000, 0x0000000100000000)
  region size 1024K, 85 young (87040K), 3 survivors (3072K)
 Metaspace       used 76468K, committed 79552K, reserved 458752K
  class space    used 10324K, committed 11776K, reserved 327680K
}
Event: 425.356 GC heap after
{Heap after GC invocations=20 (full 0):
 garbage-first heap   total 262144K, used 163840K [0x00000000e0000000, 0x0000000100000000)
  region size 1024K, 11 young (11264K), 11 survivors (11264K)
 Metaspace       used 76468K, committed 79552K, reserved 458752K
  class space    used 10324K, committed 11776K, reserved 327680K
}
Event: 470.561 GC heap before
{Heap before GC invocations=20 (full 0):
 garbage-first heap   total 262144K, used 197632K [0x00000000e0000000, 0x0000000100000000)
  region size 1024K, 32 young (32768K), 11 survivors (11264K)
 Metaspace       used 77551K, committed 79744K, reserved 458752K
  class space    used 10470K, committed 11776K, reserved 327680K
}
Event: 471.130 GC heap after
{Heap after GC invocations=21 (full 0):
 garbage-first heap   total 262144K, used 173649K [0x00000000e0000000, 0x0000000100000000)
  region size 1024K, 4 young (4096K), 4 survivors (4096K)
 Metaspace       used 77551K, committed 79744K, reserved 458752K
  class space    used 10470K, committed 11776K, reserved 327680K
}
Event: 492.389 GC heap before
{Heap before GC invocations=21 (full 0):
 garbage-first heap   total 262144K, used 212561K [0x00000000e0000000, 0x0000000100000000)
  region size 1024K, 42 young (43008K), 4 survivors (4096K)
 Metaspace       used 79837K, committed 81536K, reserved 458752K
  class space    used 10855K, committed 11840K, reserved 327680K
}
Event: 492.460 GC heap after
{Heap after GC invocations=22 (full 0):
 garbage-first heap   total 262144K, used 170852K [0x00000000e0000000, 0x0000000100000000)
  region size 1024K, 3 young (3072K), 3 survivors (3072K)
 Metaspace       used 79837K, committed 81536K, reserved 458752K
  class space    used 10855K, committed 11840K, reserved 327680K
}

